<?xml version="1.0" encoding="UTF-8"?>
<!-- Generated by org.testng.reporters.JUnitXMLReporter -->
<testsuite ignored="0" hostname="DESKTOP-MJBCSRA" failures="1" tests="1" name="Test" time="45.402" errors="0" timestamp="2021-03-07T22:14:33 GMT">
  <testcase classname="practise.AppiumFramework.LoginPageTest1" name="@AfterTest teardown" time="0.025">
    <failure type="org.openqa.selenium.NoSuchSessionException" message="A session is either terminated or not started
Build info: version: &amp;apos;3.141.59&amp;apos;, revision: &amp;apos;e82be7d358&amp;apos;, time: &amp;apos;2018-11-14T08:17:03&amp;apos;
System info: host: &amp;apos;DESKTOP-MJBCSRA&amp;apos;, ip: &amp;apos;192.168.200.110&amp;apos;, os.name: &amp;apos;Windows 10&amp;apos;, os.arch: &amp;apos;amd64&amp;apos;, os.version: &amp;apos;10.0&amp;apos;, java.version: &amp;apos;14.0.2&amp;apos;
Driver info: io.appium.java_client.android.AndroidDriver
Capabilities {app: C:\Users\Muhammad Ali\Downl..., appPackage: com.test.news, automationName: uiautomator2, databaseEnabled: false, desired: {app: C:\Users\Muhammad Ali\Downl..., automationName: uiautomator2, deviceName: Nexus-5, newCommandTimeout: 14, platformName: android}, deviceApiLevel: 30, deviceManufacturer: Google, deviceModel: sdk_gphone_x86, deviceName: emulator-5554, deviceScreenDensity: 480, deviceScreenSize: 1080x1920, deviceUDID: emulator-5554, javascriptEnabled: true, locationContextEnabled: false, networkConnectionEnabled: true, newCommandTimeout: 14, pixelRatio: 3, platform: LINUX, platformName: Android, platformVersion: 11, statBarHeight: 72, takesScreenshot: true, viewportRect: {height: 1704, left: 0, top: 72, width: 1080}, warnings: {}, webStorageEnabled: false}
Session ID: a16219a8-20c3-48fd-96dd-5bc09dbe56d5">
      <![CDATA[org.openqa.selenium.NoSuchSessionException: A session is either terminated or not started
Build info: version: '3.141.59', revision: 'e82be7d358', time: '2018-11-14T08:17:03'
System info: host: 'DESKTOP-MJBCSRA', ip: '192.168.200.110', os.name: 'Windows 10', os.arch: 'amd64', os.version: '10.0', java.version: '14.0.2'
Driver info: io.appium.java_client.android.AndroidDriver
Capabilities {app: C:\Users\Muhammad Ali\Downl..., appPackage: com.test.news, automationName: uiautomator2, databaseEnabled: false, desired: {app: C:\Users\Muhammad Ali\Downl..., automationName: uiautomator2, deviceName: Nexus-5, newCommandTimeout: 14, platformName: android}, deviceApiLevel: 30, deviceManufacturer: Google, deviceModel: sdk_gphone_x86, deviceName: emulator-5554, deviceScreenDensity: 480, deviceScreenSize: 1080x1920, deviceUDID: emulator-5554, javascriptEnabled: true, locationContextEnabled: false, networkConnectionEnabled: true, newCommandTimeout: 14, pixelRatio: 3, platform: LINUX, platformName: Android, platformVersion: 11, statBarHeight: 72, takesScreenshot: true, viewportRect: {height: 1704, left: 0, top: 72, width: 1080}, warnings: {}, webStorageEnabled: false}
Session ID: a16219a8-20c3-48fd-96dd-5bc09dbe56d5
at org.openqa.selenium.remote.http.W3CHttpResponseCodec.createException(W3CHttpResponseCodec.java:187)
at org.openqa.selenium.remote.http.W3CHttpResponseCodec.decode(W3CHttpResponseCodec.java:122)
at org.openqa.selenium.remote.http.W3CHttpResponseCodec.decode(W3CHttpResponseCodec.java:49)
at org.openqa.selenium.remote.HttpCommandExecutor.execute(HttpCommandExecutor.java:158)
at io.appium.java_client.remote.AppiumCommandExecutor.execute(AppiumCommandExecutor.java:239)
at org.openqa.selenium.remote.RemoteWebDriver.execute(RemoteWebDriver.java:552)
at io.appium.java_client.DefaultGenericMobileDriver.execute(DefaultGenericMobileDriver.java:46)
at io.appium.java_client.AppiumDriver.execute(AppiumDriver.java:1)
at io.appium.java_client.android.AndroidDriver.execute(AndroidDriver.java:1)
at org.openqa.selenium.remote.RemoteWebDriver.close(RemoteWebDriver.java:442)
at practise.AppiumFramework.LoginPageTest1.teardown(LoginPageTest1.java:95)
... Removed 29 stack frames]]>
    </failure>
  </testcase> <!-- @AfterTest teardown -->
  <testcase classname="practise.AppiumFramework.LoginPageTest1" name="LogInValidation" time="42.291">
    <failure type="org.openqa.selenium.NoSuchSessionException" message="A session is either terminated or not started
Build info: version: &amp;apos;3.141.59&amp;apos;, revision: &amp;apos;e82be7d358&amp;apos;, time: &amp;apos;2018-11-14T08:17:03&amp;apos;
System info: host: &amp;apos;DESKTOP-MJBCSRA&amp;apos;, ip: &amp;apos;192.168.200.110&amp;apos;, os.name: &amp;apos;Windows 10&amp;apos;, os.arch: &amp;apos;amd64&amp;apos;, os.version: &amp;apos;10.0&amp;apos;, java.version: &amp;apos;14.0.2&amp;apos;
Driver info: io.appium.java_client.android.AndroidDriver
Capabilities {app: C:\Users\Muhammad Ali\Downl..., appPackage: com.test.news, automationName: uiautomator2, databaseEnabled: false, desired: {app: C:\Users\Muhammad Ali\Downl..., automationName: uiautomator2, deviceName: Nexus-5, newCommandTimeout: 14, platformName: android}, deviceApiLevel: 30, deviceManufacturer: Google, deviceModel: sdk_gphone_x86, deviceName: emulator-5554, deviceScreenDensity: 480, deviceScreenSize: 1080x1920, deviceUDID: emulator-5554, javascriptEnabled: true, locationContextEnabled: false, networkConnectionEnabled: true, newCommandTimeout: 14, pixelRatio: 3, platform: LINUX, platformName: Android, platformVersion: 11, statBarHeight: 72, takesScreenshot: true, viewportRect: {height: 1704, left: 0, top: 72, width: 1080}, warnings: {}, webStorageEnabled: false}
Session ID: a16219a8-20c3-48fd-96dd-5bc09dbe56d5">
      <![CDATA[org.openqa.selenium.NoSuchSessionException: A session is either terminated or not started
Build info: version: '3.141.59', revision: 'e82be7d358', time: '2018-11-14T08:17:03'
System info: host: 'DESKTOP-MJBCSRA', ip: '192.168.200.110', os.name: 'Windows 10', os.arch: 'amd64', os.version: '10.0', java.version: '14.0.2'
Driver info: io.appium.java_client.android.AndroidDriver
Capabilities {app: C:\Users\Muhammad Ali\Downl..., appPackage: com.test.news, automationName: uiautomator2, databaseEnabled: false, desired: {app: C:\Users\Muhammad Ali\Downl..., automationName: uiautomator2, deviceName: Nexus-5, newCommandTimeout: 14, platformName: android}, deviceApiLevel: 30, deviceManufacturer: Google, deviceModel: sdk_gphone_x86, deviceName: emulator-5554, deviceScreenDensity: 480, deviceScreenSize: 1080x1920, deviceUDID: emulator-5554, javascriptEnabled: true, locationContextEnabled: false, networkConnectionEnabled: true, newCommandTimeout: 14, pixelRatio: 3, platform: LINUX, platformName: Android, platformVersion: 11, statBarHeight: 72, takesScreenshot: true, viewportRect: {height: 1704, left: 0, top: 72, width: 1080}, warnings: {}, webStorageEnabled: false}
Session ID: a16219a8-20c3-48fd-96dd-5bc09dbe56d5
at org.openqa.selenium.remote.http.W3CHttpResponseCodec.createException(W3CHttpResponseCodec.java:187)
at org.openqa.selenium.remote.http.W3CHttpResponseCodec.decode(W3CHttpResponseCodec.java:122)
at org.openqa.selenium.remote.http.W3CHttpResponseCodec.decode(W3CHttpResponseCodec.java:49)
at org.openqa.selenium.remote.HttpCommandExecutor.execute(HttpCommandExecutor.java:158)
at io.appium.java_client.remote.AppiumCommandExecutor.execute(AppiumCommandExecutor.java:239)
at org.openqa.selenium.remote.RemoteWebDriver.execute(RemoteWebDriver.java:552)
at io.appium.java_client.DefaultGenericMobileDriver.execute(DefaultGenericMobileDriver.java:46)
at io.appium.java_client.AppiumDriver.execute(AppiumDriver.java:1)
at io.appium.java_client.android.AndroidDriver.execute(AndroidDriver.java:1)
at io.appium.java_client.HasSessionDetails.getSessionDetails(HasSessionDetails.java:39)
at io.appium.java_client.HasSessionDetails.getSessionDetail(HasSessionDetails.java:56)
at io.appium.java_client.HasSessionDetails.isBrowser(HasSessionDetails.java:86)
at io.appium.java_client.AppiumDriver.isBrowser(AppiumDriver.java:271)
at io.appium.java_client.pagefactory.utils.WebDriverUnpackUtility.lambda$0(WebDriverUnpackUtility.java:87)
at java.base/java.util.Optional.map(Optional.java:258)
at io.appium.java_client.pagefactory.utils.WebDriverUnpackUtility.getCurrentContentType(WebDriverUnpackUtility.java:83)
at io.appium.java_client.pagefactory.AppiumElementLocator.getBy(AppiumElementLocator.java:90)
at io.appium.java_client.pagefactory.AppiumElementLocator.findElement(AppiumElementLocator.java:117)
at io.appium.java_client.pagefactory.interceptors.InterceptorOfASingleElement.intercept(InterceptorOfASingleElement.java:59)
at io.appium.java_client.android.AndroidElement$$EnhancerByCGLIB$$b598166c.isDisplayed(<generated>)
at practise.AppiumFramework.LoginPageTest1.LogInValidation(LoginPageTest1.java:54)
at java.base/java.util.ArrayList.forEach(ArrayList.java:1511)
... Removed 32 stack frames]]>
    </failure>
  </testcase> <!-- LogInValidation -->
</testsuite> <!-- Test -->
